INFO:2023-06-26 13:33:07,681:csv_to_json_sla_check.py:csv_to_json_sla_check.py logging Started!
INFO:2023-06-26 13:33:07,681:csv_to_json_sla_check.py:CSV to JSON conversion started for 19 files
INFO:2023-06-26 13:33:07,686:csv_to_json_sla_check.py:busws_sla_check.csv: conversion in process.
INFO:2023-06-26 13:33:07,686:csv_to_json_sla_check.py:Dumping data into busws_sla_check.json,
INFO:2023-06-26 13:33:07,686:csv_to_json_sla_check.py:busws_sla_check.json: conversion process completed!
INFO:2023-06-26 13:33:07,686:csv_to_json_sla_check.py:camp_sla_check.csv: conversion in process.
INFO:2023-06-26 13:33:07,691:csv_to_json_sla_check.py:Dumping data into camp_sla_check.json,
INFO:2023-06-26 13:33:07,691:csv_to_json_sla_check.py:camp_sla_check.json: conversion process completed!
INFO:2023-06-26 13:33:07,691:csv_to_json_sla_check.py:cerepair_sla_check.csv: conversion in process.
INFO:2023-06-26 13:33:07,691:csv_to_json_sla_check.py:Dumping data into cerepair_sla_check.json,
INFO:2023-06-26 13:33:07,691:csv_to_json_sla_check.py:cerepair_sla_check.json: conversion process completed!
INFO:2023-06-26 13:33:07,691:csv_to_json_sla_check.py:consent_sla_check.csv: conversion in process.
INFO:2023-06-26 13:33:07,696:csv_to_json_sla_check.py:Dumping data into consent_sla_check.json,
INFO:2023-06-26 13:33:07,696:csv_to_json_sla_check.py:consent_sla_check.json: conversion process completed!
INFO:2023-06-26 13:33:07,696:csv_to_json_sla_check.py:customer_profile_sla_check.csv: conversion in process.
INFO:2023-06-26 13:33:07,696:csv_to_json_sla_check.py:Dumping data into customer_profile_sla_check.json,
INFO:2023-06-26 13:33:07,696:csv_to_json_sla_check.py:customer_profile_sla_check.json: conversion process completed!
INFO:2023-06-26 13:33:07,696:csv_to_json_sla_check.py:custprofl_sla_check.csv: conversion in process.
INFO:2023-06-26 13:33:07,701:csv_to_json_sla_check.py:Dumping data into custprofl_sla_check.json,
INFO:2023-06-26 13:33:07,701:csv_to_json_sla_check.py:custprofl_sla_check.json: conversion process completed!
INFO:2023-06-26 13:33:07,701:csv_to_json_sla_check.py:genesys_call_interaction_sla_check.csv: conversion in process.
INFO:2023-06-26 13:33:07,701:csv_to_json_sla_check.py:Dumping data into genesys_call_interaction_sla_check.json,
INFO:2023-06-26 13:33:07,701:csv_to_json_sla_check.py:genesys_call_interaction_sla_check.json: conversion process completed!
INFO:2023-06-26 13:33:07,701:csv_to_json_sla_check.py:iccp_sla_check.csv: conversion in process.
INFO:2023-06-26 13:33:07,701:csv_to_json_sla_check.py:Dumping data into iccp_sla_check.json,
INFO:2023-06-26 13:33:07,706:csv_to_json_sla_check.py:iccp_sla_check.json: conversion process completed!
INFO:2023-06-26 13:33:07,706:csv_to_json_sla_check.py:outcome_sla_check.csv: conversion in process.
INFO:2023-06-26 13:33:07,706:csv_to_json_sla_check.py:Dumping data into outcome_sla_check.json,
INFO:2023-06-26 13:33:07,706:csv_to_json_sla_check.py:outcome_sla_check.json: conversion process completed!
INFO:2023-06-26 13:33:07,706:csv_to_json_sla_check.py:paygpr_sla_check.csv: conversion in process.
INFO:2023-06-26 13:33:07,706:csv_to_json_sla_check.py:Dumping data into paygpr_sla_check.json,
INFO:2023-06-26 13:33:07,706:csv_to_json_sla_check.py:paygpr_sla_check.json: conversion process completed!
INFO:2023-06-26 13:33:07,706:csv_to_json_sla_check.py:pdc_sla_check.csv: conversion in process.
INFO:2023-06-26 13:33:07,711:csv_to_json_sla_check.py:Dumping data into pdc_sla_check.json,
INFO:2023-06-26 13:33:07,711:csv_to_json_sla_check.py:pdc_sla_check.json: conversion process completed!
INFO:2023-06-26 13:33:07,711:csv_to_json_sla_check.py:sfdc_cust_sla_check.csv: conversion in process.
INFO:2023-06-26 13:33:07,711:csv_to_json_sla_check.py:Dumping data into sfdc_cust_sla_check.json,
INFO:2023-06-26 13:33:07,711:csv_to_json_sla_check.py:sfdc_cust_sla_check.json: conversion process completed!
INFO:2023-06-26 13:33:07,711:csv_to_json_sla_check.py:sfdc_resrc_config_sla_check.csv: conversion in process.
INFO:2023-06-26 13:33:07,716:csv_to_json_sla_check.py:Dumping data into sfdc_resrc_config_sla_check.json,
INFO:2023-06-26 13:33:07,716:csv_to_json_sla_check.py:sfdc_resrc_config_sla_check.json: conversion process completed!
INFO:2023-06-26 13:33:07,716:csv_to_json_sla_check.py:sls_chnl_sla_check.csv: conversion in process.
INFO:2023-06-26 13:33:07,716:csv_to_json_sla_check.py:Dumping data into sls_chnl_sla_check.json,
INFO:2023-06-26 13:33:07,716:csv_to_json_sla_check.py:sls_chnl_sla_check.json: conversion process completed!
INFO:2023-06-26 13:33:07,716:csv_to_json_sla_check.py:store_auth_sla_check.csv: conversion in process.
INFO:2023-06-26 13:33:07,716:csv_to_json_sla_check.py:Dumping data into store_auth_sla_check.json,
INFO:2023-06-26 13:33:07,716:csv_to_json_sla_check.py:store_auth_sla_check.json: conversion process completed!
INFO:2023-06-26 13:33:07,716:csv_to_json_sla_check.py:unica_campaign_sla_check.csv: conversion in process.
INFO:2023-06-26 13:33:07,721:csv_to_json_sla_check.py:Dumping data into unica_campaign_sla_check.json,
INFO:2023-06-26 13:33:07,721:csv_to_json_sla_check.py:unica_campaign_sla_check.json: conversion process completed!
INFO:2023-06-26 13:33:07,721:csv_to_json_sla_check.py:wifi_sla_check.csv: conversion in process.
INFO:2023-06-26 13:33:07,721:csv_to_json_sla_check.py:Dumping data into wifi_sla_check.json,
INFO:2023-06-26 13:33:07,721:csv_to_json_sla_check.py:wifi_sla_check.json: conversion process completed!
INFO:2023-06-26 13:33:07,721:csv_to_json_sla_check.py:wpa_sla_check.csv: conversion in process.
INFO:2023-06-26 13:33:07,726:csv_to_json_sla_check.py:Dumping data into wpa_sla_check.json,
INFO:2023-06-26 13:33:07,726:csv_to_json_sla_check.py:wpa_sla_check.json: conversion process completed!
INFO:2023-06-26 13:33:07,726:csv_to_json_sla_check.py:xref_googlesyncid_uuid_sla_check.csv: conversion in process.
INFO:2023-06-26 13:33:07,726:csv_to_json_sla_check.py:Dumping data into xref_googlesyncid_uuid_sla_check.json,
INFO:2023-06-26 13:33:07,726:csv_to_json_sla_check.py:xref_googlesyncid_uuid_sla_check.json: conversion process completed!
INFO:2023-06-26 13:33:07,726:csv_to_json_sla_check.py:Output JSON saved at C:\Users\x243976\New folder\SRE_updated\code_base_sre_scratch\output_json_intermediate\sla_check
