INFO:2023-06-26 13:33:08,051:csv_to_json_user_define_check.py:csv_to_json_user_define_check.py logging Started!
INFO:2023-06-26 13:33:08,051:csv_to_json_user_define_check.py:CSV to JSON conversion started for 19 files
INFO:2023-06-26 13:33:08,051:csv_to_json_user_define_check.py:busws_user_define_check.csv: conversion in process.
INFO:2023-06-26 13:33:08,056:csv_to_json_user_define_check.py:JSON Data Dumping Done
INFO:2023-06-26 13:33:08,056:csv_to_json_user_define_check.py:busws_user_define_check.json: conversion process completed!
INFO:2023-06-26 13:33:08,056:csv_to_json_user_define_check.py:camp_user_define_check.csv: conversion in process.
INFO:2023-06-26 13:33:08,061:csv_to_json_user_define_check.py:JSON Data Dumping Done
INFO:2023-06-26 13:33:08,061:csv_to_json_user_define_check.py:camp_user_define_check.json: conversion process completed!
INFO:2023-06-26 13:33:08,061:csv_to_json_user_define_check.py:cerepair_user_define_check.csv: conversion in process.
INFO:2023-06-26 13:33:08,061:csv_to_json_user_define_check.py:JSON Data Dumping Done
INFO:2023-06-26 13:33:08,061:csv_to_json_user_define_check.py:cerepair_user_define_check.json: conversion process completed!
INFO:2023-06-26 13:33:08,061:csv_to_json_user_define_check.py:consent_user_define_check.csv: conversion in process.
INFO:2023-06-26 13:33:08,066:csv_to_json_user_define_check.py:JSON Data Dumping Done
INFO:2023-06-26 13:33:08,066:csv_to_json_user_define_check.py:consent_user_define_check.json: conversion process completed!
INFO:2023-06-26 13:33:08,066:csv_to_json_user_define_check.py:customer_profile_user_define_check.csv: conversion in process.
INFO:2023-06-26 13:33:08,066:csv_to_json_user_define_check.py:JSON Data Dumping Done
INFO:2023-06-26 13:33:08,066:csv_to_json_user_define_check.py:customer_profile_user_define_check.json: conversion process completed!
INFO:2023-06-26 13:33:08,066:csv_to_json_user_define_check.py:custprofl_user_define_check.csv: conversion in process.
INFO:2023-06-26 13:33:08,071:csv_to_json_user_define_check.py:JSON Data Dumping Done
INFO:2023-06-26 13:33:08,071:csv_to_json_user_define_check.py:custprofl_user_define_check.json: conversion process completed!
INFO:2023-06-26 13:33:08,071:csv_to_json_user_define_check.py:genesys_call_interaction_user_define_check.csv: conversion in process.
INFO:2023-06-26 13:33:08,071:csv_to_json_user_define_check.py:JSON Data Dumping Done
INFO:2023-06-26 13:33:08,071:csv_to_json_user_define_check.py:genesys_call_interaction_user_define_check.json: conversion process completed!
INFO:2023-06-26 13:33:08,071:csv_to_json_user_define_check.py:iccp_user_define_check.csv: conversion in process.
INFO:2023-06-26 13:33:08,076:csv_to_json_user_define_check.py:JSON Data Dumping Done
INFO:2023-06-26 13:33:08,076:csv_to_json_user_define_check.py:iccp_user_define_check.json: conversion process completed!
INFO:2023-06-26 13:33:08,076:csv_to_json_user_define_check.py:outcome_user_define_check.csv: conversion in process.
INFO:2023-06-26 13:33:08,076:csv_to_json_user_define_check.py:JSON Data Dumping Done
INFO:2023-06-26 13:33:08,076:csv_to_json_user_define_check.py:outcome_user_define_check.json: conversion process completed!
INFO:2023-06-26 13:33:08,076:csv_to_json_user_define_check.py:paygpr_user_define_check.csv: conversion in process.
INFO:2023-06-26 13:33:08,081:csv_to_json_user_define_check.py:JSON Data Dumping Done
INFO:2023-06-26 13:33:08,081:csv_to_json_user_define_check.py:paygpr_user_define_check.json: conversion process completed!
INFO:2023-06-26 13:33:08,081:csv_to_json_user_define_check.py:pdc_user_define_check.csv: conversion in process.
INFO:2023-06-26 13:33:08,081:csv_to_json_user_define_check.py:JSON Data Dumping Done
INFO:2023-06-26 13:33:08,081:csv_to_json_user_define_check.py:pdc_user_define_check.json: conversion process completed!
INFO:2023-06-26 13:33:08,081:csv_to_json_user_define_check.py:sfdc_cust_user_define_check.csv: conversion in process.
INFO:2023-06-26 13:33:08,086:csv_to_json_user_define_check.py:JSON Data Dumping Done
INFO:2023-06-26 13:33:08,086:csv_to_json_user_define_check.py:sfdc_cust_user_define_check.json: conversion process completed!
INFO:2023-06-26 13:33:08,086:csv_to_json_user_define_check.py:sfdc_resrc_config_user_define_check.csv: conversion in process.
INFO:2023-06-26 13:33:08,086:csv_to_json_user_define_check.py:JSON Data Dumping Done
INFO:2023-06-26 13:33:08,086:csv_to_json_user_define_check.py:sfdc_resrc_config_user_define_check.json: conversion process completed!
INFO:2023-06-26 13:33:08,086:csv_to_json_user_define_check.py:sls_chnl_user_define_check.csv: conversion in process.
INFO:2023-06-26 13:33:08,091:csv_to_json_user_define_check.py:JSON Data Dumping Done
INFO:2023-06-26 13:33:08,091:csv_to_json_user_define_check.py:sls_chnl_user_define_check.json: conversion process completed!
INFO:2023-06-26 13:33:08,091:csv_to_json_user_define_check.py:store_auth_user_define_check.csv: conversion in process.
INFO:2023-06-26 13:33:08,091:csv_to_json_user_define_check.py:JSON Data Dumping Done
INFO:2023-06-26 13:33:08,091:csv_to_json_user_define_check.py:store_auth_user_define_check.json: conversion process completed!
INFO:2023-06-26 13:33:08,091:csv_to_json_user_define_check.py:unica_campaign_user_define_check.csv: conversion in process.
INFO:2023-06-26 13:33:08,096:csv_to_json_user_define_check.py:JSON Data Dumping Done
INFO:2023-06-26 13:33:08,096:csv_to_json_user_define_check.py:unica_campaign_user_define_check.json: conversion process completed!
INFO:2023-06-26 13:33:08,096:csv_to_json_user_define_check.py:wifi_user_define_check.csv: conversion in process.
INFO:2023-06-26 13:33:08,096:csv_to_json_user_define_check.py:JSON Data Dumping Done
INFO:2023-06-26 13:33:08,096:csv_to_json_user_define_check.py:wifi_user_define_check.json: conversion process completed!
INFO:2023-06-26 13:33:08,096:csv_to_json_user_define_check.py:wpa_user_define_check.csv: conversion in process.
INFO:2023-06-26 13:33:08,096:csv_to_json_user_define_check.py:JSON Data Dumping Done
INFO:2023-06-26 13:33:08,096:csv_to_json_user_define_check.py:wpa_user_define_check.json: conversion process completed!
INFO:2023-06-26 13:33:08,096:csv_to_json_user_define_check.py:xref_googlesyncid_uuid_user_define_check.csv: conversion in process.
INFO:2023-06-26 13:33:08,101:csv_to_json_user_define_check.py:JSON Data Dumping Done
INFO:2023-06-26 13:33:08,101:csv_to_json_user_define_check.py:xref_googlesyncid_uuid_user_define_check.json: conversion process completed!
INFO:2023-06-26 13:33:08,101:csv_to_json_user_define_check.py:Output JSON saved at C:\Users\x243976\New folder\SRE_updated\code_base_sre_scratch/output_json_intermediate/user_define_check
