INFO:2023-06-26 13:33:07,331:csv_to_json_job_performance_check.py:csv_to_json_job_performance_check.py logging Started!
INFO:2023-06-26 13:33:07,336:csv_to_json_job_performance_check.py:CSV to JSON conversion started for 19 files
INFO:2023-06-26 13:33:07,336:csv_to_json_job_performance_check.py:busws_job_performance_check.csv: conversion in process.
INFO:2023-06-26 13:33:07,341:csv_to_json_job_performance_check.py:JSON Data Dumping Done
INFO:2023-06-26 13:33:07,341:csv_to_json_job_performance_check.py:busws_job_performance_check.json: conversion process completed!
INFO:2023-06-26 13:33:07,341:csv_to_json_job_performance_check.py:camp_job_performance_check.csv: conversion in process.
INFO:2023-06-26 13:33:07,346:csv_to_json_job_performance_check.py:JSON Data Dumping Done
INFO:2023-06-26 13:33:07,346:csv_to_json_job_performance_check.py:camp_job_performance_check.json: conversion process completed!
INFO:2023-06-26 13:33:07,346:csv_to_json_job_performance_check.py:cerepair_job_performance_check.csv: conversion in process.
INFO:2023-06-26 13:33:07,346:csv_to_json_job_performance_check.py:JSON Data Dumping Done
INFO:2023-06-26 13:33:07,346:csv_to_json_job_performance_check.py:cerepair_job_performance_check.json: conversion process completed!
INFO:2023-06-26 13:33:07,346:csv_to_json_job_performance_check.py:consent_job_performance_check.csv: conversion in process.
INFO:2023-06-26 13:33:07,346:csv_to_json_job_performance_check.py:JSON Data Dumping Done
INFO:2023-06-26 13:33:07,351:csv_to_json_job_performance_check.py:consent_job_performance_check.json: conversion process completed!
INFO:2023-06-26 13:33:07,351:csv_to_json_job_performance_check.py:customer_profile_job_performance_check.csv: conversion in process.
INFO:2023-06-26 13:33:07,351:csv_to_json_job_performance_check.py:JSON Data Dumping Done
INFO:2023-06-26 13:33:07,351:csv_to_json_job_performance_check.py:customer_profile_job_performance_check.json: conversion process completed!
INFO:2023-06-26 13:33:07,351:csv_to_json_job_performance_check.py:custprofl_job_performance_check.csv: conversion in process.
INFO:2023-06-26 13:33:07,356:csv_to_json_job_performance_check.py:JSON Data Dumping Done
INFO:2023-06-26 13:33:07,356:csv_to_json_job_performance_check.py:custprofl_job_performance_check.json: conversion process completed!
INFO:2023-06-26 13:33:07,356:csv_to_json_job_performance_check.py:genesys_call_interaction_job_performance_check.csv: conversion in process.
INFO:2023-06-26 13:33:07,356:csv_to_json_job_performance_check.py:JSON Data Dumping Done
INFO:2023-06-26 13:33:07,356:csv_to_json_job_performance_check.py:genesys_call_interaction_job_performance_check.json: conversion process completed!
INFO:2023-06-26 13:33:07,356:csv_to_json_job_performance_check.py:iccp_job_performance_check.csv: conversion in process.
INFO:2023-06-26 13:33:07,356:csv_to_json_job_performance_check.py:JSON Data Dumping Done
INFO:2023-06-26 13:33:07,356:csv_to_json_job_performance_check.py:iccp_job_performance_check.json: conversion process completed!
INFO:2023-06-26 13:33:07,356:csv_to_json_job_performance_check.py:outcome_job_performance_check.csv: conversion in process.
INFO:2023-06-26 13:33:07,361:csv_to_json_job_performance_check.py:JSON Data Dumping Done
INFO:2023-06-26 13:33:07,361:csv_to_json_job_performance_check.py:outcome_job_performance_check.json: conversion process completed!
INFO:2023-06-26 13:33:07,361:csv_to_json_job_performance_check.py:paygpr_job_performance_check.csv: conversion in process.
INFO:2023-06-26 13:33:07,361:csv_to_json_job_performance_check.py:JSON Data Dumping Done
INFO:2023-06-26 13:33:07,361:csv_to_json_job_performance_check.py:paygpr_job_performance_check.json: conversion process completed!
INFO:2023-06-26 13:33:07,361:csv_to_json_job_performance_check.py:pdc_job_performance_check.csv: conversion in process.
INFO:2023-06-26 13:33:07,366:csv_to_json_job_performance_check.py:JSON Data Dumping Done
INFO:2023-06-26 13:33:07,366:csv_to_json_job_performance_check.py:pdc_job_performance_check.json: conversion process completed!
INFO:2023-06-26 13:33:07,366:csv_to_json_job_performance_check.py:sfdc_cust_job_performance_check.csv: conversion in process.
INFO:2023-06-26 13:33:07,366:csv_to_json_job_performance_check.py:JSON Data Dumping Done
INFO:2023-06-26 13:33:07,366:csv_to_json_job_performance_check.py:sfdc_cust_job_performance_check.json: conversion process completed!
INFO:2023-06-26 13:33:07,366:csv_to_json_job_performance_check.py:sfdc_resrc_config_job_performance_check.csv: conversion in process.
INFO:2023-06-26 13:33:07,371:csv_to_json_job_performance_check.py:JSON Data Dumping Done
INFO:2023-06-26 13:33:07,371:csv_to_json_job_performance_check.py:sfdc_resrc_config_job_performance_check.json: conversion process completed!
INFO:2023-06-26 13:33:07,371:csv_to_json_job_performance_check.py:sls_chnl_job_performance_check.csv: conversion in process.
INFO:2023-06-26 13:33:07,371:csv_to_json_job_performance_check.py:JSON Data Dumping Done
INFO:2023-06-26 13:33:07,371:csv_to_json_job_performance_check.py:sls_chnl_job_performance_check.json: conversion process completed!
INFO:2023-06-26 13:33:07,371:csv_to_json_job_performance_check.py:store_auth_job_performance_check.csv: conversion in process.
INFO:2023-06-26 13:33:07,371:csv_to_json_job_performance_check.py:JSON Data Dumping Done
INFO:2023-06-26 13:33:07,376:csv_to_json_job_performance_check.py:store_auth_job_performance_check.json: conversion process completed!
INFO:2023-06-26 13:33:07,376:csv_to_json_job_performance_check.py:unica_campaign_job_performance_check.csv: conversion in process.
INFO:2023-06-26 13:33:07,376:csv_to_json_job_performance_check.py:JSON Data Dumping Done
INFO:2023-06-26 13:33:07,376:csv_to_json_job_performance_check.py:unica_campaign_job_performance_check.json: conversion process completed!
INFO:2023-06-26 13:33:07,376:csv_to_json_job_performance_check.py:wifi_job_performance_check.csv: conversion in process.
INFO:2023-06-26 13:33:07,376:csv_to_json_job_performance_check.py:JSON Data Dumping Done
INFO:2023-06-26 13:33:07,376:csv_to_json_job_performance_check.py:wifi_job_performance_check.json: conversion process completed!
INFO:2023-06-26 13:33:07,376:csv_to_json_job_performance_check.py:wpa_job_performance_check.csv: conversion in process.
INFO:2023-06-26 13:33:07,381:csv_to_json_job_performance_check.py:JSON Data Dumping Done
INFO:2023-06-26 13:33:07,381:csv_to_json_job_performance_check.py:wpa_job_performance_check.json: conversion process completed!
INFO:2023-06-26 13:33:07,381:csv_to_json_job_performance_check.py:xref_googlesyncid_uuid_job_performance_check.csv: conversion in process.
INFO:2023-06-26 13:33:07,381:csv_to_json_job_performance_check.py:JSON Data Dumping Done
INFO:2023-06-26 13:33:07,381:csv_to_json_job_performance_check.py:xref_googlesyncid_uuid_job_performance_check.json: conversion process completed!
INFO:2023-06-26 13:33:07,381:csv_to_json_job_performance_check.py:Output JSON saved at C:\Users\x243976\New folder\SRE_updated\code_base_sre_scratch\output_json_intermediate\job_performance_check
